  Chapter5_task15_2.cpp
d:\github\opencvstudying\opencvstudy\opencv\chapter5_task15_2\chapter5_task15_2.cpp(42): warning C4305: 'initializing': truncation from 'double' to 'float'
d:\github\opencvstudying\opencvstudy\opencv\chapter5_task15_2\chapter5_task15_2.cpp(95): warning C4244: 'argument': conversion from '_Tp' to '_Tp', possible loss of data
          with
          [
              _Tp=float
          ]
          and
          [
              _Tp=int
          ]
d:\github\opencvstudying\opencvstudy\opencv\chapter5_task15_2\chapter5_task15_2.cpp(97): warning C4244: 'argument': conversion from '_Tp' to '_Tp', possible loss of data
          with
          [
              _Tp=float
          ]
          and
          [
              _Tp=int
          ]
d:\github\opencvstudying\opencvstudy\opencv\chapter5_task15_2\chapter5_task15_2.cpp(99): warning C4244: 'argument': conversion from '_Tp' to '_Tp', possible loss of data
          with
          [
              _Tp=float
          ]
          and
          [
              _Tp=int
          ]
d:\github\opencvstudying\opencvstudy\opencv\chapter5_task15_2\chapter5_task15_2.cpp(101): warning C4244: 'argument': conversion from '_Tp' to '_Tp', possible loss of data
          with
          [
              _Tp=float
          ]
          and
          [
              _Tp=int
          ]
  Chapter5_task15_2.vcxproj -> D:\GitHub\openCVStudying\OpenCVStudy\openCV\x64\Debug\Chapter5_task15_2.exe
